<?xml version="1.0" encoding="UTF-8"?>
<!-- Generated by org.testng.reporters.JUnitXMLReporter -->
<testsuite ignored="0" hostname="FARHAN" failures="1" tests="1" name="Default test" time="0.371" errors="0" timestamp="2021-01-31T12:33:06 EST">
  <testcase classname="cucumber.api.testng.AbstractTestNGCucumberTests" name="runScenario" time="0.158">
    <failure type="java.lang.IllegalStateException" message="The driver executable does not exist: C:\Users\maqfy\git\repository2\BLUE TEAM\phpTravelsTestNG\.Driver\chromedriver1.exe">
      <![CDATA[java.lang.IllegalStateException: The driver executable does not exist: C:\Users\maqfy\git\repository2\BLUE TEAM\phpTravelsTestNG\.Driver\chromedriver1.exe
at com.google.common.base.Preconditions.checkState(Preconditions.java:585)
at org.openqa.selenium.remote.service.DriverService.checkExecutable(DriverService.java:146)
at org.openqa.selenium.remote.service.DriverService.findExecutable(DriverService.java:141)
at org.openqa.selenium.chrome.ChromeDriverService.access$000(ChromeDriverService.java:35)
at org.openqa.selenium.chrome.ChromeDriverService$Builder.findDefaultExecutable(ChromeDriverService.java:159)
at org.openqa.selenium.remote.service.DriverService$Builder.build(DriverService.java:355)
at org.openqa.selenium.chrome.ChromeDriverService.createDefaultService(ChromeDriverService.java:94)
at org.openqa.selenium.chrome.ChromeDriver.<init>(ChromeDriver.java:123)
at com.stepdef.phpLoginAutomationCodng.open_the_browser(phpLoginAutomationCodng.java:23)
at âœ½.Open the browser(file:PHPtravelFeatureFile/PHP.feature:9)
]]>
    </failure>
  </testcase> <!-- runScenario -->
</testsuite> <!-- Default test -->
